<?xml version="1.0" encoding="UTF-8"?>
<!-- Generated by org.testng.reporters.JUnitXMLReporter -->
<testsuite ignored="1" hostname="DESKTOP-9E4JO2B" failures="0" tests="1" name="Positive Quantity Test" time="38.977" errors="0" timestamp="2023-05-09T22:21:06 IST">
  <testcase classname="Opencart_Cart.Cart_BaseTest_ExtentReports" name="addMackbook_to_cart" time="24.322"/>
  <testcase classname="Opencart_Cart.Cart_BaseTest_ExtentReports" name="AddMackbook_to_cart2" time="0.0">
    <ignored/>
  </testcase> <!-- AddMackbook_to_cart2 -->
</testsuite> <!-- Positive Quantity Test -->
