<?xml version="1.0" encoding="UTF-8"?>
<!-- Generated by org.testng.reporters.JUnitXMLReporter -->
<testsuite ignored="0" hostname="DESKTOP-9E4JO2B" failures="0" tests="2" name="Quantity Test" time="47.146" errors="0" timestamp="2023-05-10T23:54:24 IST">
  <testcase classname="Opencart_Cart.Cart_BaseTest_ExtentReports" name="addMackbook_to_cart" time="22.935"/>
  <testcase classname="Opencart_Cart.Cart_BaseTest_ExtentReports" name="AddMackbook_to_cart2" time="8.965"/>
</testsuite> <!-- Quantity Test -->
