<?xml version="1.0" encoding="UTF-8"?>
<testng-results ignored="0" total="2" passed="2" failed="0" skipped="0">
  <reporter-output>
  </reporter-output>
  <suite started-at="2023-05-10T23:53:37 IST" name="Suite" finished-at="2023-05-10T23:54:24 IST" duration-ms="47146">
    <groups>
    </groups>
    <test started-at="2023-05-10T23:53:37 IST" name="Quantity Test" finished-at="2023-05-10T23:54:24 IST" duration-ms="47146">
      <class name="Opencart_Cart.Cart_BaseTest_ExtentReports">
        <test-method is-config="true" signature="setUp()[pri:0, instance:Opencart_Cart.Cart_BaseTest_ExtentReports@2f9f7dcf]" started-at="2023-05-10T23:53:37 IST" name="setUp" finished-at="2023-05-10T23:53:46 IST" duration-ms="9025" status="PASS">
          <reporter-output>
          </reporter-output>
        </test-method> <!-- setUp -->
        <test-method signature="addMackbook_to_cart()[pri:1, instance:Opencart_Cart.Cart_BaseTest_ExtentReports@2f9f7dcf]" started-at="2023-05-10T23:53:46 IST" name="addMackbook_to_cart" finished-at="2023-05-10T23:54:09 IST" duration-ms="22935" status="PASS">
          <reporter-output>
          </reporter-output>
        </test-method> <!-- addMackbook_to_cart -->
        <test-method signature="AddMackbook_to_cart2()[pri:2, instance:Opencart_Cart.Cart_BaseTest_ExtentReports@2f9f7dcf]" started-at="2023-05-10T23:54:09 IST" name="AddMackbook_to_cart2" finished-at="2023-05-10T23:54:18 IST" duration-ms="8965" status="PASS">
          <reporter-output>
          </reporter-output>
        </test-method> <!-- AddMackbook_to_cart2 -->
        <test-method is-config="true" signature="tearDown()[pri:0, instance:Opencart_Cart.Cart_BaseTest_ExtentReports@2f9f7dcf]" started-at="2023-05-10T23:54:19 IST" name="tearDown" finished-at="2023-05-10T23:54:24 IST" duration-ms="5385" status="PASS">
          <reporter-output>
          </reporter-output>
        </test-method> <!-- tearDown -->
      </class> <!-- Opencart_Cart.Cart_BaseTest_ExtentReports -->
    </test> <!-- Quantity Test -->
  </suite> <!-- Suite -->
</testng-results>
